<?xml version="1.0" encoding="UTF-8"?>
<testng-results ignored="0" total="1" passed="1" failed="0" skipped="0">
  <reporter-output>
  </reporter-output>
  <suite started-at="2021-11-25T23:31:10 IST" name="Default suite" finished-at="2021-11-25T23:31:10 IST" duration-ms="128">
    <groups>
    </groups>
    <test started-at="2021-11-25T23:31:10 IST" name="Default test" finished-at="2021-11-25T23:31:10 IST" duration-ms="128">
      <class name="com.practice.strings.StringManipulation">
        <test-method signature="testCase1()[pri:0, instance:com.practice.strings.StringManipulation@56a6d5a6]" started-at="2021-11-25T23:31:10 IST" name="testCase1" finished-at="2021-11-25T23:31:10 IST" duration-ms="23" status="PASS">
          <reporter-output>
          </reporter-output>
        </test-method> <!-- testCase1 -->
      </class> <!-- com.practice.strings.StringManipulation -->
    </test> <!-- Default test -->
  </suite> <!-- Default suite -->
</testng-results>
