<?xml version="1.0" encoding="UTF-8"?>
<!-- Generated by org.testng.reporters.JUnitXMLReporter -->
<testsuite ignored="1" hostname="DESKTOP-DO7M1Q3" failures="0" tests="1" name="Default test" time="0.126" errors="0" timestamp="2021-12-02T13:12:07 IST">
  <testcase classname="com.practice.strings.SherlockAndAnagrams" name="StringDemo" time="0.014"/>
  <testcase classname="com.practice.strings.SherlockAndAnagrams" name="find" time="0.0">
    <ignored/>
  </testcase> <!-- find -->
</testsuite> <!-- Default test -->
