<?xml version="1.0" encoding="UTF-8"?>
<!-- Generated by org.testng.reporters.JUnitXMLReporter -->
<testsuite ignored="1" hostname="DESKTOP-DO7M1Q3" failures="0" tests="1" name="Default test" time="9.367" errors="0" timestamp="2021-11-27T00:44:25 IST">
  <testcase classname="com.practice.strings.SpecialString" name="testCase1" time="9.263"/>
  <testcase classname="com.practice.strings.SpecialString" name="pivote" time="0.0">
    <ignored/>
  </testcase> <!-- pivote -->
</testsuite> <!-- Default test -->
